[ 2017-05-02T14:51:51+08:00 ] 127.0.0.1 /thinkphp/index.php/Kekehome/Curl/curl
INFO: [ app_init ] --START--
INFO: Run Behavior\BuildLiteBehavior [ RunTime:0.000000s ]
INFO: [ app_init ] --END-- [ RunTime:0.025001s ]
INFO: [ app_begin ] --START--
INFO: Run Behavior\ReadHtmlCacheBehavior [ RunTime:0.001000s ]
INFO: [ app_begin ] --END-- [ RunTime:0.001000s ]
ERR: 无法加载控制器:Curl

[ 2017-05-02T14:52:12+08:00 ] 127.0.0.1 /thinkphp/index.php/Kekehome/Curl/curl
INFO: [ app_init ] --START--
INFO: Run Behavior\BuildLiteBehavior [ RunTime:0.000000s ]
INFO: [ app_init ] --END-- [ RunTime:0.001000s ]
INFO: [ app_begin ] --START--
INFO: Run Behavior\ReadHtmlCacheBehavior [ RunTime:0.000000s ]
INFO: [ app_begin ] --END-- [ RunTime:0.000000s ]
SQL: SHOW COLUMNS FROM `curl` [ RunTime:0.0020s ]
SQL: INSERT INTO `curl` (`title`,`img`,`directed`,`summary`,`average`) VALUES ('速度与激情8 The Fate of the Furious','https://img3.doubanio.com/view/movie_poster_cover/lpst/public/p2444256500.jpg','F·加里·格雷','　　多米尼克（范·迪塞尔 Vin Diesel 饰）与莱蒂（米歇尔·罗德里格兹 Michelle Rodriguez 饰）共度蜜月，布莱恩与米娅退出了赛车界，这支曾环游世界的顶级飞车家族队伍的生活正渐趋平淡。然而，一位神秘女子Cipher（查理兹·塞隆 Charlize T heron 饰）的出现，令整个队伍卷入信任与背叛的危机，面临前所未有的考验。','7.2') [ RunTime:0.0010s ]
INFO: [ app_end ] --START--
INFO: Run Behavior\ShowPageTraceBehavior [ RunTime:0.000000s ]
INFO: [ app_end ] --END-- [ RunTime:0.000000s ]

[ 2017-05-02T16:30:02+08:00 ] 127.0.0.1 /thinkphp/index.php/Kekehome/Login/verify_code
INFO: [ app_init ] --START--
INFO: Run Behavior\BuildLiteBehavior [ RunTime:0.000000s ]
INFO: [ app_init ] --END-- [ RunTime:0.000000s ]
INFO: [ app_begin ] --START--
INFO: Run Behavior\ReadHtmlCacheBehavior [ RunTime:0.001000s ]
INFO: [ app_begin ] --END-- [ RunTime:0.001000s ]
INFO: [ app_end ] --START--
INFO: Run Behavior\ShowPageTraceBehavior [ RunTime:0.000000s ]
INFO: [ app_end ] --END-- [ RunTime:0.000000s ]

